2026-07-15 09:48:12,699 - INFO - Starting benchmarks stage
2026-07-15 09:48:41,053 - INFO - Starting data preparation stage
2026-07-15 09:48:50,026 - INFO - Starting exploratory analysis stage
2026-07-15 09:49:01,237 - INFO - Starting feature engineering and feature models stage
2026-07-15 09:49:31,080 - INFO - Starting feature engineering and feature models stage
2026-07-15 09:49:43,317 - INFO - Starting SARIMAX stage
2026-07-15 09:50:40,417 - INFO - Starting SARIMA stage
2026-07-15 09:52:07,863 - INFO - Starting SARIMA stage
2026-07-15 09:52:29,288 - INFO - Starting SARIMA stage
2026-07-15 09:52:42,063 - INFO - Starting evaluation stage
2026-07-15 09:53:26,887 - INFO - Starting SARIMAX stage
2026-07-15 09:53:32,079 - INFO - Starting evaluation stage
2026-07-15 09:54:49,262 - INFO - Starting LSTM stage
2026-07-15 10:01:19,380 - INFO - Starting inspection stage
2026-07-15 10:01:21,200 - INFO - Starting data preparation stage
2026-07-15 10:01:23,772 - INFO - Starting exploratory analysis stage
2026-07-15 10:01:27,702 - INFO - Starting benchmarks stage
2026-07-15 10:01:27,730 - INFO - Starting SARIMA stage
2026-07-15 10:01:31,819 - INFO - Starting SARIMAX stage
2026-07-15 10:01:33,908 - INFO - Starting feature engineering and feature models stage
2026-07-15 10:01:36,623 - INFO - Starting LSTM stage
2026-07-15 10:04:41,779 - INFO - Starting evaluation stage
2026-07-15 10:14:48,159 - INFO - Starting data preparation stage
2026-07-15 10:14:57,288 - INFO - Starting exploratory analysis stage
2026-07-15 10:15:27,357 - INFO - Starting SARIMA stage
2026-07-15 10:16:02,716 - INFO - Starting benchmarks stage
2026-07-15 10:16:08,767 - INFO - Starting SARIMAX stage
2026-07-15 10:16:17,334 - INFO - Starting feature engineering and feature models stage
2026-07-15 10:16:26,596 - INFO - Starting evaluation stage
2026-07-15 10:17:37,786 - INFO - Starting SARIMA stage
2026-07-15 10:18:22,495 - INFO - Starting inspection stage
2026-07-15 10:18:24,421 - INFO - Starting data preparation stage
2026-07-15 10:18:27,431 - INFO - Starting exploratory analysis stage
2026-07-15 10:18:32,500 - INFO - Starting benchmarks stage
2026-07-15 10:18:32,527 - INFO - Starting SARIMA stage
2026-07-15 10:18:57,388 - INFO - Starting SARIMAX stage
2026-07-15 10:18:59,842 - INFO - Starting feature engineering and feature models stage
2026-07-15 10:19:03,016 - INFO - Starting LSTM stage
2026-07-15 10:29:47,618 - INFO - Starting evaluation stage
2026-07-15 10:36:06,866 - INFO - Starting feature engineering and feature models stage
2026-07-15 10:36:15,693 - INFO - Starting evaluation stage
2026-07-15 10:36:53,448 - INFO - Starting feature engineering and feature models stage
2026-07-15 10:39:27,175 - INFO - Starting evaluation stage
2026-07-15 10:49:42,797 - INFO - Starting data preparation stage
2026-07-15 10:49:52,501 - INFO - Starting benchmarks stage
2026-07-15 10:49:59,632 - INFO - Starting evaluation stage
2026-07-15 10:50:26,960 - INFO - Starting evaluation stage
